<?xml version="1.0" encoding="UTF-8"?>
<testsuite xmlns:xsi="http://www.w3.org/2001/XMLSchema-instance" xsi:noNamespaceSchemaLocation="https://maven.apache.org/surefire/maven-surefire-plugin/xsd/surefire-test-report.xsd" name="conduitApp.ConduitTest" time="19.861" tests="1" errors="0" skipped="0" failures="1">
  <properties>
    <property name="gopherProxySet" value="false"/>
    <property name="awt.toolkit" value="sun.lwawt.macosx.LWCToolkit"/>
    <property name="java.specification.version" value="11"/>
    <property name="sun.cpu.isalist" value=""/>
    <property name="sun.jnu.encoding" value="UTF-8"/>
    <property name="java.class.path" value="/Users/shardin10/GITHUBKARATE/KarateUdemy/target/test-classes:/Users/shardin10/GITHUBKARATE/KarateUdemy/target/classes:/Users/shardin10/.m2/repository/com/intuit/karate/karate-junit5/1.3.1/karate-junit5-1.3.1.jar:/Users/shardin10/.m2/repository/com/intuit/karate/karate-core/1.3.1/karate-core-1.3.1.jar:/Users/shardin10/.m2/repository/org/graalvm/js/js-scriptengine/22.0.0.2/js-scriptengine-22.0.0.2.jar:/Users/shardin10/.m2/repository/org/graalvm/sdk/graal-sdk/22.0.0.2/graal-sdk-22.0.0.2.jar:/Users/shardin10/.m2/repository/org/graalvm/js/js/22.0.0.2/js-22.0.0.2.jar:/Users/shardin10/.m2/repository/org/graalvm/regex/regex/22.0.0.2/regex-22.0.0.2.jar:/Users/shardin10/.m2/repository/org/graalvm/truffle/truffle-api/22.0.0.2/truffle-api-22.0.0.2.jar:/Users/shardin10/.m2/repository/org/thymeleaf/thymeleaf/3.0.14.RELEASE/thymeleaf-3.0.14.RELEASE.jar:/Users/shardin10/.m2/repository/ognl/ognl/3.1.26/ognl-3.1.26.jar:/Users/shardin10/.m2/repository/org/javassist/javassist/3.20.0-GA/javassist-3.20.0-GA.jar:/Users/shardin10/.m2/repository/org/attoparser/attoparser/2.0.5.RELEASE/attoparser-2.0.5.RELEASE.jar:/Users/shardin10/.m2/repository/org/unbescape/unbescape/1.1.6.RELEASE/unbescape-1.1.6.RELEASE.jar:/Users/shardin10/.m2/repository/com/linecorp/armeria/armeria/1.18.0/armeria-1.18.0.jar:/Users/shardin10/.m2/repository/io/micrometer/micrometer-core/1.9.2/micrometer-core-1.9.2.jar:/Users/shardin10/.m2/repository/org/hdrhistogram/HdrHistogram/2.1.12/HdrHistogram-2.1.12.jar:/Users/shardin10/.m2/repository/org/latencyutils/LatencyUtils/2.0.3/LatencyUtils-2.0.3.jar:/Users/shardin10/.m2/repository/io/netty/netty-transport/4.1.79.Final/netty-transport-4.1.79.Final.jar:/Users/shardin10/.m2/repository/io/netty/netty-common/4.1.79.Final/netty-common-4.1.79.Final.jar:/Users/shardin10/.m2/repository/io/netty/netty-buffer/4.1.79.Final/netty-buffer-4.1.79.Final.jar:/Users/shardin10/.m2/repository/io/netty/netty-resolver/4.1.79.Final/netty-resolver-4.1.79.Final.jar:/Users/shardin10/.m2/repository/io/netty/netty-codec-haproxy/4.1.79.Final/netty-codec-haproxy-4.1.79.Final.jar:/Users/shardin10/.m2/repository/io/netty/netty-codec/4.1.79.Final/netty-codec-4.1.79.Final.jar:/Users/shardin10/.m2/repository/io/netty/netty-codec-http2/4.1.79.Final/netty-codec-http2-4.1.79.Final.jar:/Users/shardin10/.m2/repository/io/netty/netty-handler/4.1.79.Final/netty-handler-4.1.79.Final.jar:/Users/shardin10/.m2/repository/io/netty/netty-codec-http/4.1.79.Final/netty-codec-http-4.1.79.Final.jar:/Users/shardin10/.m2/repository/io/netty/netty-resolver-dns/4.1.79.Final/netty-resolver-dns-4.1.79.Final.jar:/Users/shardin10/.m2/repository/io/netty/netty-codec-dns/4.1.79.Final/netty-codec-dns-4.1.79.Final.jar:/Users/shardin10/.m2/repository/org/reactivestreams/reactive-streams/1.0.4/reactive-streams-1.0.4.jar:/Users/shardin10/.m2/repository/com/google/code/findbugs/jsr305/3.0.2/jsr305-3.0.2.jar:/Users/shardin10/.m2/repository/io/netty/netty-transport-native-unix-common/4.1.79.Final/netty-transport-native-unix-common-4.1.79.Final-linux-x86_64.jar:/Users/shardin10/.m2/repository/io/netty/netty-transport-native-epoll/4.1.79.Final/netty-transport-native-epoll-4.1.79.Final-linux-x86_64.jar:/Users/shardin10/.m2/repository/io/netty/netty-transport-native-unix-common/4.1.79.Final/netty-transport-native-unix-common-4.1.79.Final.jar:/Users/shardin10/.m2/repository/io/netty/netty-transport-classes-epoll/4.1.79.Final/netty-transport-classes-epoll-4.1.79.Final.jar:/Users/shardin10/.m2/repository/io/netty/netty-resolver-dns-native-macos/4.1.79.Final/netty-resolver-dns-native-macos-4.1.79.Final-osx-x86_64.jar:/Users/shardin10/.m2/repository/io/netty/netty-resolver-dns-classes-macos/4.1.79.Final/netty-resolver-dns-classes-macos-4.1.79.Final.jar:/Users/shardin10/.m2/repository/io/netty/netty-resolver-dns-native-macos/4.1.79.Final/netty-resolver-dns-native-macos-4.1.79.Final-osx-aarch_64.jar:/Users/shardin10/.m2/repository/io/netty/netty-tcnative-boringssl-static/2.0.53.Final/netty-tcnative-boringssl-static-2.0.53.Final-linux-x86_64.jar:/Users/shardin10/.m2/repository/io/netty/netty-tcnative-classes/2.0.53.Final/netty-tcnative-classes-2.0.53.Final.jar:/Users/shardin10/.m2/repository/io/netty/netty-tcnative-boringssl-static/2.0.53.Final/netty-tcnative-boringssl-static-2.0.53.Final-linux-aarch_64.jar:/Users/shardin10/.m2/repository/io/netty/netty-tcnative-boringssl-static/2.0.53.Final/netty-tcnative-boringssl-static-2.0.53.Final-osx-x86_64.jar:/Users/shardin10/.m2/repository/io/netty/netty-tcnative-boringssl-static/2.0.53.Final/netty-tcnative-boringssl-static-2.0.53.Final-osx-aarch_64.jar:/Users/shardin10/.m2/repository/io/netty/netty-tcnative-boringssl-static/2.0.53.Final/netty-tcnative-boringssl-static-2.0.53.Final-windows-x86_64.jar:/Users/shardin10/.m2/repository/io/netty/netty-handler-proxy/4.1.79.Final/netty-handler-proxy-4.1.79.Final.jar:/Users/shardin10/.m2/repository/io/netty/netty-codec-socks/4.1.79.Final/netty-codec-socks-4.1.79.Final.jar:/Users/shardin10/.m2/repository/com/aayushatharva/brotli4j/brotli4j/1.7.1/brotli4j-1.7.1.jar:/Users/shardin10/.m2/repository/com/aayushatharva/brotli4j/native-osx-x86_64/1.7.1/native-osx-x86_64-1.7.1.jar:/Users/shardin10/.m2/repository/org/apache/httpcomponents/httpclient/4.5.13/httpclient-4.5.13.jar:/Users/shardin10/.m2/repository/org/apache/httpcomponents/httpcore/4.4.13/httpcore-4.4.13.jar:/Users/shardin10/.m2/repository/commons-codec/commons-codec/1.11/commons-codec-1.11.jar:/Users/shardin10/.m2/repository/ch/qos/logback/logback-classic/1.2.9/logback-classic-1.2.9.jar:/Users/shardin10/.m2/repository/ch/qos/logback/logback-core/1.2.9/logback-core-1.2.9.jar:/Users/shardin10/.m2/repository/org/slf4j/jcl-over-slf4j/1.7.32/jcl-over-slf4j-1.7.32.jar:/Users/shardin10/.m2/repository/org/antlr/antlr4-runtime/4.9.3/antlr4-runtime-4.9.3.jar:/Users/shardin10/.m2/repository/com/jayway/jsonpath/json-path/2.7.0/json-path-2.7.0.jar:/Users/shardin10/.m2/repository/net/minidev/json-smart/2.4.7/json-smart-2.4.7.jar:/Users/shardin10/.m2/repository/net/minidev/accessors-smart/2.4.7/accessors-smart-2.4.7.jar:/Users/shardin10/.m2/repository/org/ow2/asm/asm/9.1/asm-9.1.jar:/Users/shardin10/.m2/repository/info/cukes/cucumber-java/1.2.5/cucumber-java-1.2.5.jar:/Users/shardin10/.m2/repository/info/cukes/cucumber-core/1.2.5/cucumber-core-1.2.5.jar:/Users/shardin10/.m2/repository/org/yaml/snakeyaml/1.32/snakeyaml-1.32.jar:/Users/shardin10/.m2/repository/de/siegmar/fastcsv/2.0.0/fastcsv-2.0.0.jar:/Users/shardin10/.m2/repository/info/picocli/picocli/4.6.1/picocli-4.6.1.jar:/Users/shardin10/.m2/repository/io/github/classgraph/classgraph/4.8.149/classgraph-4.8.149.jar:/Users/shardin10/.m2/repository/io/github/t12y/resemble/1.0.2/resemble-1.0.2.jar:/Users/shardin10/.m2/repository/io/github/t12y/ssim/1.0.0/ssim-1.0.0.jar:/Users/shardin10/.m2/repository/org/junit/jupiter/junit-jupiter-api/5.7.2/junit-jupiter-api-5.7.2.jar:/Users/shardin10/.m2/repository/org/apiguardian/apiguardian-api/1.1.0/apiguardian-api-1.1.0.jar:/Users/shardin10/.m2/repository/org/opentest4j/opentest4j/1.2.0/opentest4j-1.2.0.jar:/Users/shardin10/.m2/repository/org/junit/platform/junit-platform-commons/1.7.2/junit-platform-commons-1.7.2.jar:/Users/shardin10/.m2/repository/org/junit/jupiter/junit-jupiter-engine/5.7.2/junit-jupiter-engine-5.7.2.jar:/Users/shardin10/.m2/repository/org/junit/platform/junit-platform-engine/1.7.2/junit-platform-engine-1.7.2.jar:/Users/shardin10/.m2/repository/com/github/javafaker/javafaker/1.0.2/javafaker-1.0.2.jar:/Users/shardin10/.m2/repository/org/apache/commons/commons-lang3/3.5/commons-lang3-3.5.jar:/Users/shardin10/.m2/repository/org/yaml/snakeyaml/1.23/snakeyaml-1.23-android.jar:/Users/shardin10/.m2/repository/com/github/mifmif/generex/1.0.2/generex-1.0.2.jar:/Users/shardin10/.m2/repository/dk/brics/automaton/automaton/1.11-8/automaton-1.11-8.jar:/Users/shardin10/.m2/repository/net/masterthought/cucumber-reporting/5.3.0/cucumber-reporting-5.3.0.jar:/Users/shardin10/.m2/repository/com/fasterxml/jackson/core/jackson-databind/2.10.1/jackson-databind-2.10.1.jar:/Users/shardin10/.m2/repository/com/fasterxml/jackson/core/jackson-annotations/2.10.1/jackson-annotations-2.10.1.jar:/Users/shardin10/.m2/repository/com/fasterxml/jackson/core/jackson-core/2.10.1/jackson-core-2.10.1.jar:/Users/shardin10/.m2/repository/com/fasterxml/jackson/datatype/jackson-datatype-jsr310/2.10.1/jackson-datatype-jsr310-2.10.1.jar:/Users/shardin10/.m2/repository/org/apache/velocity/velocity-engine-core/2.1/velocity-engine-core-2.1.jar:/Users/shardin10/.m2/repository/org/slf4j/slf4j-api/1.7.26/slf4j-api-1.7.26.jar:/Users/shardin10/.m2/repository/commons-collections/commons-collections/3.2.2/commons-collections-3.2.2.jar:/Users/shardin10/.m2/repository/joda-time/joda-time/2.10.5/joda-time-2.10.5.jar:/Users/shardin10/.m2/repository/commons-io/commons-io/2.6/commons-io-2.6.jar:/Users/shardin10/.m2/repository/org/codehaus/plexus/plexus-utils/3.3.0/plexus-utils-3.3.0.jar:/Users/shardin10/.m2/repository/org/jsoup/jsoup/1.12.1/jsoup-1.12.1.jar:/Users/shardin10/.m2/repository/com/googlecode/owasp-java-html-sanitizer/owasp-java-html-sanitizer/20191001.1/owasp-java-html-sanitizer-20191001.1.jar:/Users/shardin10/.m2/repository/com/google/guava/guava/27.1-jre/guava-27.1-jre.jar:/Users/shardin10/.m2/repository/com/google/guava/failureaccess/1.0.1/failureaccess-1.0.1.jar:/Users/shardin10/.m2/repository/com/google/guava/listenablefuture/9999.0-empty-to-avoid-conflict-with-guava/listenablefuture-9999.0-empty-to-avoid-conflict-with-guava.jar:/Users/shardin10/.m2/repository/org/checkerframework/checker-qual/2.5.2/checker-qual-2.5.2.jar:/Users/shardin10/.m2/repository/com/google/errorprone/error_prone_annotations/2.2.0/error_prone_annotations-2.2.0.jar:/Users/shardin10/.m2/repository/com/google/j2objc/j2objc-annotations/1.1/j2objc-annotations-1.1.jar:/Users/shardin10/.m2/repository/org/codehaus/mojo/animal-sniffer-annotations/1.17/animal-sniffer-annotations-1.17.jar:/Users/shardin10/.m2/repository/commons-configuration/commons-configuration/1.10/commons-configuration-1.10.jar:/Users/shardin10/.m2/repository/commons-lang/commons-lang/2.6/commons-lang-2.6.jar:/Users/shardin10/.m2/repository/commons-logging/commons-logging/1.1.1/commons-logging-1.1.1.jar:/Users/shardin10/.m2/repository/com/intuit/karate/karate-gatling/1.3.1/karate-gatling-1.3.1.jar:/Users/shardin10/.m2/repository/io/gatling/highcharts/gatling-charts-highcharts/3.7.4/gatling-charts-highcharts-3.7.4.jar:/Users/shardin10/.m2/repository/io/gatling/gatling-app/3.7.4/gatling-app-3.7.4.jar:/Users/shardin10/.m2/repository/io/gatling/gatling-core/3.7.4/gatling-core-3.7.4.jar:/Users/shardin10/.m2/repository/io/gatling/gatling-commons/3.7.4/gatling-commons-3.7.4.jar:/Users/shardin10/.m2/repository/io/gatling/gatling-commons-shared/3.7.4/gatling-commons-shared-3.7.4.jar:/Users/shardin10/.m2/repository/org/scala-lang/scala-reflect/2.13.8/scala-reflect-2.13.8.jar:/Users/shardin10/.m2/repository/io/suzaku/boopickle_2.13/1.3.3/boopickle_2.13-1.3.3.jar:/Users/shardin10/.m2/repository/io/gatling/gatling-commons-shared-unstable/3.7.4/gatling-commons-shared-unstable-3.7.4.jar:/Users/shardin10/.m2/repository/org/typelevel/spire-macros_2.13/0.17.0/spire-macros_2.13-0.17.0.jar:/Users/shardin10/.m2/repository/com/typesafe/scala-logging/scala-logging_2.13/3.9.4/scala-logging_2.13-3.9.4.jar:/Users/shardin10/.m2/repository/io/gatling/gatling-jsonpath/3.7.4/gatling-jsonpath-3.7.4.jar:/Users/shardin10/.m2/repository/com/typesafe/akka/akka-slf4j_2.13/2.6.18/akka-slf4j_2.13-2.6.18.jar:/Users/shardin10/.m2/repository/org/simpleflatmapper/lightning-csv/8.2.3/lightning-csv-8.2.3.jar:/Users/shardin10/.m2/repository/org/simpleflatmapper/sfm-util/8.2.3/sfm-util-8.2.3.jar:/Users/shardin10/.m2/repository/com/github/ben-manes/caffeine/caffeine/2.9.3/caffeine-2.9.3.jar:/Users/shardin10/.m2/repository/io/pebbletemplates/pebble/3.1.5/pebble-3.1.5.jar:/Users/shardin10/.m2/repository/org/scala-lang/modules/scala-parser-combinators_2.13/2.1.0/scala-parser-combinators_2.13-2.1.0.jar:/Users/shardin10/.m2/repository/com/github/scopt/scopt_2.13/3.7.1/scopt_2.13-3.7.1.jar:/Users/shardin10/.m2/repository/com/softwaremill/quicklens/quicklens_2.13/1.8.2/quicklens_2.13-1.8.2.jar:/Users/shardin10/.m2/repository/net/sf/saxon/Saxon-HE/10.6/Saxon-HE-10.6.jar:/Users/shardin10/.m2/repository/org/jodd/jodd-lagarto/6.0.5/jodd-lagarto-6.0.5.jar:/Users/shardin10/.m2/repository/org/jodd/jodd-util/6.0.1/jodd-util-6.0.1.jar:/Users/shardin10/.m2/repository/io/burt/jmespath-jackson/0.5.1/jmespath-jackson-0.5.1.jar:/Users/shardin10/.m2/repository/io/burt/jmespath-core/0.5.1/jmespath-core-0.5.1.jar:/Users/shardin10/.m2/repository/io/gatling/gatling-core-java/3.7.4/gatling-core-java-3.7.4.jar:/Users/shardin10/.m2/repository/net/jodah/typetools/0.6.3/typetools-0.6.3.jar:/Users/shardin10/.m2/repository/io/gatling/gatling-http/3.7.4/gatling-http-3.7.4.jar:/Users/shardin10/.m2/repository/io/gatling/gatling-http-client/3.7.4/gatling-http-client-3.7.4.jar:/Users/shardin10/.m2/repository/io/netty/netty-tcnative-boringssl-static/2.0.47.Final/netty-tcnative-boringssl-static-2.0.47.Final.jar:/Users/shardin10/.m2/repository/com/aayushatharva/brotli4j/native-linux-x86_64/1.6.0/native-linux-x86_64-1.6.0.jar:/Users/shardin10/.m2/repository/com/aayushatharva/brotli4j/native-linux-aarch64/1.6.0/native-linux-aarch64-1.6.0.jar:/Users/shardin10/.m2/repository/com/aayushatharva/brotli4j/native-windows-x86_64/1.6.0/native-windows-x86_64-1.6.0.jar:/Users/shardin10/.m2/repository/io/gatling/gatling-http-java/3.7.4/gatling-http-java-3.7.4.jar:/Users/shardin10/.m2/repository/io/gatling/gatling-jms/3.7.4/gatling-jms-3.7.4.jar:/Users/shardin10/.m2/repository/javax/jms/javax.jms-api/2.0.1/javax.jms-api-2.0.1.jar:/Users/shardin10/.m2/repository/com/eatthepath/fast-uuid/0.2.0/fast-uuid-0.2.0.jar:/Users/shardin10/.m2/repository/io/gatling/gatling-jms-java/3.7.4/gatling-jms-java-3.7.4.jar:/Users/shardin10/.m2/repository/io/gatling/gatling-mqtt/3.7.4/gatling-mqtt-3.7.4.jar:/Users/shardin10/.m2/repository/io/gatling/gatling-netty-util/3.7.4/gatling-netty-util-3.7.4.jar:/Users/shardin10/.m2/repository/io/netty/netty-codec-mqtt/4.1.73.Final/netty-codec-mqtt-4.1.73.Final.jar:/Users/shardin10/.m2/repository/io/netty/netty-transport-native-epoll/4.1.73.Final/netty-transport-native-epoll-4.1.73.Final-linux-aarch_64.jar:/Users/shardin10/.m2/repository/io/gatling/gatling-mqtt-java/3.7.4/gatling-mqtt-java-3.7.4.jar:/Users/shardin10/.m2/repository/io/gatling/gatling-jdbc/3.7.4/gatling-jdbc-3.7.4.jar:/Users/shardin10/.m2/repository/io/gatling/gatling-jdbc-java/3.7.4/gatling-jdbc-java-3.7.4.jar:/Users/shardin10/.m2/repository/io/gatling/gatling-redis/3.7.4/gatling-redis-3.7.4.jar:/Users/shardin10/.m2/repository/net/debasishg/redisclient_2.13/3.42/redisclient_2.13-3.42.jar:/Users/shardin10/.m2/repository/org/apache/commons/commons-pool2/2.8.0/commons-pool2-2.8.0.jar:/Users/shardin10/.m2/repository/io/gatling/gatling-redis-java/3.7.4/gatling-redis-java-3.7.4.jar:/Users/shardin10/.m2/repository/io/gatling/gatling-graphite/3.7.4/gatling-graphite-3.7.4.jar:/Users/shardin10/.m2/repository/io/gatling/gatling-charts/3.7.4/gatling-charts-3.7.4.jar:/Users/shardin10/.m2/repository/com/tdunning/t-digest/3.1/t-digest-3.1.jar:/Users/shardin10/.m2/repository/io/gatling/gatling-recorder/3.7.4/gatling-recorder-3.7.4.jar:/Users/shardin10/.m2/repository/org/scala-lang/modules/scala-swing_2.13/3.0.0/scala-swing_2.13-3.0.0.jar:/Users/shardin10/.m2/repository/org/bouncycastle/bcpkix-jdk15on/1.70/bcpkix-jdk15on-1.70.jar:/Users/shardin10/.m2/repository/org/bouncycastle/bcprov-jdk15on/1.70/bcprov-jdk15on-1.70.jar:/Users/shardin10/.m2/repository/org/bouncycastle/bcutil-jdk15on/1.70/bcutil-jdk15on-1.70.jar:/Users/shardin10/.m2/repository/com/typesafe/akka/akka-actor_2.13/2.6.18/akka-actor_2.13-2.6.18.jar:/Users/shardin10/.m2/repository/com/typesafe/config/1.4.0/config-1.4.0.jar:/Users/shardin10/.m2/repository/org/scala-lang/modules/scala-java8-compat_2.13/1.0.0/scala-java8-compat_2.13-1.0.0.jar:/Users/shardin10/.m2/repository/org/scala-lang/scala-library/2.13.9/scala-library-2.13.9.jar:/Users/shardin10/.m2/repository/com/microsoft/sqlserver/mssql-jdbc/8.4.1.jre11/mssql-jdbc-8.4.1.jre11.jar:"/>
    <property name="java.vm.vendor" value="Oracle Corporation"/>
    <property name="sun.arch.data.model" value="64"/>
    <property name="java.vendor.url" value="https://openjdk.java.net/"/>
    <property name="user.timezone" value=""/>
    <property name="java.vm.specification.version" value="11"/>
    <property name="os.name" value="Mac OS X"/>
    <property name="sun.java.launcher" value="SUN_STANDARD"/>
    <property name="user.country" value="US"/>
    <property name="sun.boot.library.path" value="/Library/Java/JavaVirtualMachines/jdk-11.jdk/Contents/Home/lib"/>
    <property name="sun.java.command" value="/Users/shardin10/GITHUBKARATE/KarateUdemy/target/surefire/surefirebooter11819116153244719526.jar /Users/shardin10/GITHUBKARATE/KarateUdemy/target/surefire 2023-09-29T13-57-10_075-jvmRun1 surefire18343023633934241956tmp surefire_01204755670068062794tmp"/>
    <property name="jdk.debug" value="release"/>
    <property name="surefire.test.class.path" value="/Users/shardin10/GITHUBKARATE/KarateUdemy/target/test-classes:/Users/shardin10/GITHUBKARATE/KarateUdemy/target/classes:/Users/shardin10/.m2/repository/com/intuit/karate/karate-junit5/1.3.1/karate-junit5-1.3.1.jar:/Users/shardin10/.m2/repository/com/intuit/karate/karate-core/1.3.1/karate-core-1.3.1.jar:/Users/shardin10/.m2/repository/org/graalvm/js/js-scriptengine/22.0.0.2/js-scriptengine-22.0.0.2.jar:/Users/shardin10/.m2/repository/org/graalvm/sdk/graal-sdk/22.0.0.2/graal-sdk-22.0.0.2.jar:/Users/shardin10/.m2/repository/org/graalvm/js/js/22.0.0.2/js-22.0.0.2.jar:/Users/shardin10/.m2/repository/org/graalvm/regex/regex/22.0.0.2/regex-22.0.0.2.jar:/Users/shardin10/.m2/repository/org/graalvm/truffle/truffle-api/22.0.0.2/truffle-api-22.0.0.2.jar:/Users/shardin10/.m2/repository/org/thymeleaf/thymeleaf/3.0.14.RELEASE/thymeleaf-3.0.14.RELEASE.jar:/Users/shardin10/.m2/repository/ognl/ognl/3.1.26/ognl-3.1.26.jar:/Users/shardin10/.m2/repository/org/javassist/javassist/3.20.0-GA/javassist-3.20.0-GA.jar:/Users/shardin10/.m2/repository/org/attoparser/attoparser/2.0.5.RELEASE/attoparser-2.0.5.RELEASE.jar:/Users/shardin10/.m2/repository/org/unbescape/unbescape/1.1.6.RELEASE/unbescape-1.1.6.RELEASE.jar:/Users/shardin10/.m2/repository/com/linecorp/armeria/armeria/1.18.0/armeria-1.18.0.jar:/Users/shardin10/.m2/repository/io/micrometer/micrometer-core/1.9.2/micrometer-core-1.9.2.jar:/Users/shardin10/.m2/repository/org/hdrhistogram/HdrHistogram/2.1.12/HdrHistogram-2.1.12.jar:/Users/shardin10/.m2/repository/org/latencyutils/LatencyUtils/2.0.3/LatencyUtils-2.0.3.jar:/Users/shardin10/.m2/repository/io/netty/netty-transport/4.1.79.Final/netty-transport-4.1.79.Final.jar:/Users/shardin10/.m2/repository/io/netty/netty-common/4.1.79.Final/netty-common-4.1.79.Final.jar:/Users/shardin10/.m2/repository/io/netty/netty-buffer/4.1.79.Final/netty-buffer-4.1.79.Final.jar:/Users/shardin10/.m2/repository/io/netty/netty-resolver/4.1.79.Final/netty-resolver-4.1.79.Final.jar:/Users/shardin10/.m2/repository/io/netty/netty-codec-haproxy/4.1.79.Final/netty-codec-haproxy-4.1.79.Final.jar:/Users/shardin10/.m2/repository/io/netty/netty-codec/4.1.79.Final/netty-codec-4.1.79.Final.jar:/Users/shardin10/.m2/repository/io/netty/netty-codec-http2/4.1.79.Final/netty-codec-http2-4.1.79.Final.jar:/Users/shardin10/.m2/repository/io/netty/netty-handler/4.1.79.Final/netty-handler-4.1.79.Final.jar:/Users/shardin10/.m2/repository/io/netty/netty-codec-http/4.1.79.Final/netty-codec-http-4.1.79.Final.jar:/Users/shardin10/.m2/repository/io/netty/netty-resolver-dns/4.1.79.Final/netty-resolver-dns-4.1.79.Final.jar:/Users/shardin10/.m2/repository/io/netty/netty-codec-dns/4.1.79.Final/netty-codec-dns-4.1.79.Final.jar:/Users/shardin10/.m2/repository/org/reactivestreams/reactive-streams/1.0.4/reactive-streams-1.0.4.jar:/Users/shardin10/.m2/repository/com/google/code/findbugs/jsr305/3.0.2/jsr305-3.0.2.jar:/Users/shardin10/.m2/repository/io/netty/netty-transport-native-unix-common/4.1.79.Final/netty-transport-native-unix-common-4.1.79.Final-linux-x86_64.jar:/Users/shardin10/.m2/repository/io/netty/netty-transport-native-epoll/4.1.79.Final/netty-transport-native-epoll-4.1.79.Final-linux-x86_64.jar:/Users/shardin10/.m2/repository/io/netty/netty-transport-native-unix-common/4.1.79.Final/netty-transport-native-unix-common-4.1.79.Final.jar:/Users/shardin10/.m2/repository/io/netty/netty-transport-classes-epoll/4.1.79.Final/netty-transport-classes-epoll-4.1.79.Final.jar:/Users/shardin10/.m2/repository/io/netty/netty-resolver-dns-native-macos/4.1.79.Final/netty-resolver-dns-native-macos-4.1.79.Final-osx-x86_64.jar:/Users/shardin10/.m2/repository/io/netty/netty-resolver-dns-classes-macos/4.1.79.Final/netty-resolver-dns-classes-macos-4.1.79.Final.jar:/Users/shardin10/.m2/repository/io/netty/netty-resolver-dns-native-macos/4.1.79.Final/netty-resolver-dns-native-macos-4.1.79.Final-osx-aarch_64.jar:/Users/shardin10/.m2/repository/io/netty/netty-tcnative-boringssl-static/2.0.53.Final/netty-tcnative-boringssl-static-2.0.53.Final-linux-x86_64.jar:/Users/shardin10/.m2/repository/io/netty/netty-tcnative-classes/2.0.53.Final/netty-tcnative-classes-2.0.53.Final.jar:/Users/shardin10/.m2/repository/io/netty/netty-tcnative-boringssl-static/2.0.53.Final/netty-tcnative-boringssl-static-2.0.53.Final-linux-aarch_64.jar:/Users/shardin10/.m2/repository/io/netty/netty-tcnative-boringssl-static/2.0.53.Final/netty-tcnative-boringssl-static-2.0.53.Final-osx-x86_64.jar:/Users/shardin10/.m2/repository/io/netty/netty-tcnative-boringssl-static/2.0.53.Final/netty-tcnative-boringssl-static-2.0.53.Final-osx-aarch_64.jar:/Users/shardin10/.m2/repository/io/netty/netty-tcnative-boringssl-static/2.0.53.Final/netty-tcnative-boringssl-static-2.0.53.Final-windows-x86_64.jar:/Users/shardin10/.m2/repository/io/netty/netty-handler-proxy/4.1.79.Final/netty-handler-proxy-4.1.79.Final.jar:/Users/shardin10/.m2/repository/io/netty/netty-codec-socks/4.1.79.Final/netty-codec-socks-4.1.79.Final.jar:/Users/shardin10/.m2/repository/com/aayushatharva/brotli4j/brotli4j/1.7.1/brotli4j-1.7.1.jar:/Users/shardin10/.m2/repository/com/aayushatharva/brotli4j/native-osx-x86_64/1.7.1/native-osx-x86_64-1.7.1.jar:/Users/shardin10/.m2/repository/org/apache/httpcomponents/httpclient/4.5.13/httpclient-4.5.13.jar:/Users/shardin10/.m2/repository/org/apache/httpcomponents/httpcore/4.4.13/httpcore-4.4.13.jar:/Users/shardin10/.m2/repository/commons-codec/commons-codec/1.11/commons-codec-1.11.jar:/Users/shardin10/.m2/repository/ch/qos/logback/logback-classic/1.2.9/logback-classic-1.2.9.jar:/Users/shardin10/.m2/repository/ch/qos/logback/logback-core/1.2.9/logback-core-1.2.9.jar:/Users/shardin10/.m2/repository/org/slf4j/jcl-over-slf4j/1.7.32/jcl-over-slf4j-1.7.32.jar:/Users/shardin10/.m2/repository/org/antlr/antlr4-runtime/4.9.3/antlr4-runtime-4.9.3.jar:/Users/shardin10/.m2/repository/com/jayway/jsonpath/json-path/2.7.0/json-path-2.7.0.jar:/Users/shardin10/.m2/repository/net/minidev/json-smart/2.4.7/json-smart-2.4.7.jar:/Users/shardin10/.m2/repository/net/minidev/accessors-smart/2.4.7/accessors-smart-2.4.7.jar:/Users/shardin10/.m2/repository/org/ow2/asm/asm/9.1/asm-9.1.jar:/Users/shardin10/.m2/repository/info/cukes/cucumber-java/1.2.5/cucumber-java-1.2.5.jar:/Users/shardin10/.m2/repository/info/cukes/cucumber-core/1.2.5/cucumber-core-1.2.5.jar:/Users/shardin10/.m2/repository/org/yaml/snakeyaml/1.32/snakeyaml-1.32.jar:/Users/shardin10/.m2/repository/de/siegmar/fastcsv/2.0.0/fastcsv-2.0.0.jar:/Users/shardin10/.m2/repository/info/picocli/picocli/4.6.1/picocli-4.6.1.jar:/Users/shardin10/.m2/repository/io/github/classgraph/classgraph/4.8.149/classgraph-4.8.149.jar:/Users/shardin10/.m2/repository/io/github/t12y/resemble/1.0.2/resemble-1.0.2.jar:/Users/shardin10/.m2/repository/io/github/t12y/ssim/1.0.0/ssim-1.0.0.jar:/Users/shardin10/.m2/repository/org/junit/jupiter/junit-jupiter-api/5.7.2/junit-jupiter-api-5.7.2.jar:/Users/shardin10/.m2/repository/org/apiguardian/apiguardian-api/1.1.0/apiguardian-api-1.1.0.jar:/Users/shardin10/.m2/repository/org/opentest4j/opentest4j/1.2.0/opentest4j-1.2.0.jar:/Users/shardin10/.m2/repository/org/junit/platform/junit-platform-commons/1.7.2/junit-platform-commons-1.7.2.jar:/Users/shardin10/.m2/repository/org/junit/jupiter/junit-jupiter-engine/5.7.2/junit-jupiter-engine-5.7.2.jar:/Users/shardin10/.m2/repository/org/junit/platform/junit-platform-engine/1.7.2/junit-platform-engine-1.7.2.jar:/Users/shardin10/.m2/repository/com/github/javafaker/javafaker/1.0.2/javafaker-1.0.2.jar:/Users/shardin10/.m2/repository/org/apache/commons/commons-lang3/3.5/commons-lang3-3.5.jar:/Users/shardin10/.m2/repository/org/yaml/snakeyaml/1.23/snakeyaml-1.23-android.jar:/Users/shardin10/.m2/repository/com/github/mifmif/generex/1.0.2/generex-1.0.2.jar:/Users/shardin10/.m2/repository/dk/brics/automaton/automaton/1.11-8/automaton-1.11-8.jar:/Users/shardin10/.m2/repository/net/masterthought/cucumber-reporting/5.3.0/cucumber-reporting-5.3.0.jar:/Users/shardin10/.m2/repository/com/fasterxml/jackson/core/jackson-databind/2.10.1/jackson-databind-2.10.1.jar:/Users/shardin10/.m2/repository/com/fasterxml/jackson/core/jackson-annotations/2.10.1/jackson-annotations-2.10.1.jar:/Users/shardin10/.m2/repository/com/fasterxml/jackson/core/jackson-core/2.10.1/jackson-core-2.10.1.jar:/Users/shardin10/.m2/repository/com/fasterxml/jackson/datatype/jackson-datatype-jsr310/2.10.1/jackson-datatype-jsr310-2.10.1.jar:/Users/shardin10/.m2/repository/org/apache/velocity/velocity-engine-core/2.1/velocity-engine-core-2.1.jar:/Users/shardin10/.m2/repository/org/slf4j/slf4j-api/1.7.26/slf4j-api-1.7.26.jar:/Users/shardin10/.m2/repository/commons-collections/commons-collections/3.2.2/commons-collections-3.2.2.jar:/Users/shardin10/.m2/repository/joda-time/joda-time/2.10.5/joda-time-2.10.5.jar:/Users/shardin10/.m2/repository/commons-io/commons-io/2.6/commons-io-2.6.jar:/Users/shardin10/.m2/repository/org/codehaus/plexus/plexus-utils/3.3.0/plexus-utils-3.3.0.jar:/Users/shardin10/.m2/repository/org/jsoup/jsoup/1.12.1/jsoup-1.12.1.jar:/Users/shardin10/.m2/repository/com/googlecode/owasp-java-html-sanitizer/owasp-java-html-sanitizer/20191001.1/owasp-java-html-sanitizer-20191001.1.jar:/Users/shardin10/.m2/repository/com/google/guava/guava/27.1-jre/guava-27.1-jre.jar:/Users/shardin10/.m2/repository/com/google/guava/failureaccess/1.0.1/failureaccess-1.0.1.jar:/Users/shardin10/.m2/repository/com/google/guava/listenablefuture/9999.0-empty-to-avoid-conflict-with-guava/listenablefuture-9999.0-empty-to-avoid-conflict-with-guava.jar:/Users/shardin10/.m2/repository/org/checkerframework/checker-qual/2.5.2/checker-qual-2.5.2.jar:/Users/shardin10/.m2/repository/com/google/errorprone/error_prone_annotations/2.2.0/error_prone_annotations-2.2.0.jar:/Users/shardin10/.m2/repository/com/google/j2objc/j2objc-annotations/1.1/j2objc-annotations-1.1.jar:/Users/shardin10/.m2/repository/org/codehaus/mojo/animal-sniffer-annotations/1.17/animal-sniffer-annotations-1.17.jar:/Users/shardin10/.m2/repository/commons-configuration/commons-configuration/1.10/commons-configuration-1.10.jar:/Users/shardin10/.m2/repository/commons-lang/commons-lang/2.6/commons-lang-2.6.jar:/Users/shardin10/.m2/repository/commons-logging/commons-logging/1.1.1/commons-logging-1.1.1.jar:/Users/shardin10/.m2/repository/com/intuit/karate/karate-gatling/1.3.1/karate-gatling-1.3.1.jar:/Users/shardin10/.m2/repository/io/gatling/highcharts/gatling-charts-highcharts/3.7.4/gatling-charts-highcharts-3.7.4.jar:/Users/shardin10/.m2/repository/io/gatling/gatling-app/3.7.4/gatling-app-3.7.4.jar:/Users/shardin10/.m2/repository/io/gatling/gatling-core/3.7.4/gatling-core-3.7.4.jar:/Users/shardin10/.m2/repository/io/gatling/gatling-commons/3.7.4/gatling-commons-3.7.4.jar:/Users/shardin10/.m2/repository/io/gatling/gatling-commons-shared/3.7.4/gatling-commons-shared-3.7.4.jar:/Users/shardin10/.m2/repository/org/scala-lang/scala-reflect/2.13.8/scala-reflect-2.13.8.jar:/Users/shardin10/.m2/repository/io/suzaku/boopickle_2.13/1.3.3/boopickle_2.13-1.3.3.jar:/Users/shardin10/.m2/repository/io/gatling/gatling-commons-shared-unstable/3.7.4/gatling-commons-shared-unstable-3.7.4.jar:/Users/shardin10/.m2/repository/org/typelevel/spire-macros_2.13/0.17.0/spire-macros_2.13-0.17.0.jar:/Users/shardin10/.m2/repository/com/typesafe/scala-logging/scala-logging_2.13/3.9.4/scala-logging_2.13-3.9.4.jar:/Users/shardin10/.m2/repository/io/gatling/gatling-jsonpath/3.7.4/gatling-jsonpath-3.7.4.jar:/Users/shardin10/.m2/repository/com/typesafe/akka/akka-slf4j_2.13/2.6.18/akka-slf4j_2.13-2.6.18.jar:/Users/shardin10/.m2/repository/org/simpleflatmapper/lightning-csv/8.2.3/lightning-csv-8.2.3.jar:/Users/shardin10/.m2/repository/org/simpleflatmapper/sfm-util/8.2.3/sfm-util-8.2.3.jar:/Users/shardin10/.m2/repository/com/github/ben-manes/caffeine/caffeine/2.9.3/caffeine-2.9.3.jar:/Users/shardin10/.m2/repository/io/pebbletemplates/pebble/3.1.5/pebble-3.1.5.jar:/Users/shardin10/.m2/repository/org/scala-lang/modules/scala-parser-combinators_2.13/2.1.0/scala-parser-combinators_2.13-2.1.0.jar:/Users/shardin10/.m2/repository/com/github/scopt/scopt_2.13/3.7.1/scopt_2.13-3.7.1.jar:/Users/shardin10/.m2/repository/com/softwaremill/quicklens/quicklens_2.13/1.8.2/quicklens_2.13-1.8.2.jar:/Users/shardin10/.m2/repository/net/sf/saxon/Saxon-HE/10.6/Saxon-HE-10.6.jar:/Users/shardin10/.m2/repository/org/jodd/jodd-lagarto/6.0.5/jodd-lagarto-6.0.5.jar:/Users/shardin10/.m2/repository/org/jodd/jodd-util/6.0.1/jodd-util-6.0.1.jar:/Users/shardin10/.m2/repository/io/burt/jmespath-jackson/0.5.1/jmespath-jackson-0.5.1.jar:/Users/shardin10/.m2/repository/io/burt/jmespath-core/0.5.1/jmespath-core-0.5.1.jar:/Users/shardin10/.m2/repository/io/gatling/gatling-core-java/3.7.4/gatling-core-java-3.7.4.jar:/Users/shardin10/.m2/repository/net/jodah/typetools/0.6.3/typetools-0.6.3.jar:/Users/shardin10/.m2/repository/io/gatling/gatling-http/3.7.4/gatling-http-3.7.4.jar:/Users/shardin10/.m2/repository/io/gatling/gatling-http-client/3.7.4/gatling-http-client-3.7.4.jar:/Users/shardin10/.m2/repository/io/netty/netty-tcnative-boringssl-static/2.0.47.Final/netty-tcnative-boringssl-static-2.0.47.Final.jar:/Users/shardin10/.m2/repository/com/aayushatharva/brotli4j/native-linux-x86_64/1.6.0/native-linux-x86_64-1.6.0.jar:/Users/shardin10/.m2/repository/com/aayushatharva/brotli4j/native-linux-aarch64/1.6.0/native-linux-aarch64-1.6.0.jar:/Users/shardin10/.m2/repository/com/aayushatharva/brotli4j/native-windows-x86_64/1.6.0/native-windows-x86_64-1.6.0.jar:/Users/shardin10/.m2/repository/io/gatling/gatling-http-java/3.7.4/gatling-http-java-3.7.4.jar:/Users/shardin10/.m2/repository/io/gatling/gatling-jms/3.7.4/gatling-jms-3.7.4.jar:/Users/shardin10/.m2/repository/javax/jms/javax.jms-api/2.0.1/javax.jms-api-2.0.1.jar:/Users/shardin10/.m2/repository/com/eatthepath/fast-uuid/0.2.0/fast-uuid-0.2.0.jar:/Users/shardin10/.m2/repository/io/gatling/gatling-jms-java/3.7.4/gatling-jms-java-3.7.4.jar:/Users/shardin10/.m2/repository/io/gatling/gatling-mqtt/3.7.4/gatling-mqtt-3.7.4.jar:/Users/shardin10/.m2/repository/io/gatling/gatling-netty-util/3.7.4/gatling-netty-util-3.7.4.jar:/Users/shardin10/.m2/repository/io/netty/netty-codec-mqtt/4.1.73.Final/netty-codec-mqtt-4.1.73.Final.jar:/Users/shardin10/.m2/repository/io/netty/netty-transport-native-epoll/4.1.73.Final/netty-transport-native-epoll-4.1.73.Final-linux-aarch_64.jar:/Users/shardin10/.m2/repository/io/gatling/gatling-mqtt-java/3.7.4/gatling-mqtt-java-3.7.4.jar:/Users/shardin10/.m2/repository/io/gatling/gatling-jdbc/3.7.4/gatling-jdbc-3.7.4.jar:/Users/shardin10/.m2/repository/io/gatling/gatling-jdbc-java/3.7.4/gatling-jdbc-java-3.7.4.jar:/Users/shardin10/.m2/repository/io/gatling/gatling-redis/3.7.4/gatling-redis-3.7.4.jar:/Users/shardin10/.m2/repository/net/debasishg/redisclient_2.13/3.42/redisclient_2.13-3.42.jar:/Users/shardin10/.m2/repository/org/apache/commons/commons-pool2/2.8.0/commons-pool2-2.8.0.jar:/Users/shardin10/.m2/repository/io/gatling/gatling-redis-java/3.7.4/gatling-redis-java-3.7.4.jar:/Users/shardin10/.m2/repository/io/gatling/gatling-graphite/3.7.4/gatling-graphite-3.7.4.jar:/Users/shardin10/.m2/repository/io/gatling/gatling-charts/3.7.4/gatling-charts-3.7.4.jar:/Users/shardin10/.m2/repository/com/tdunning/t-digest/3.1/t-digest-3.1.jar:/Users/shardin10/.m2/repository/io/gatling/gatling-recorder/3.7.4/gatling-recorder-3.7.4.jar:/Users/shardin10/.m2/repository/org/scala-lang/modules/scala-swing_2.13/3.0.0/scala-swing_2.13-3.0.0.jar:/Users/shardin10/.m2/repository/org/bouncycastle/bcpkix-jdk15on/1.70/bcpkix-jdk15on-1.70.jar:/Users/shardin10/.m2/repository/org/bouncycastle/bcprov-jdk15on/1.70/bcprov-jdk15on-1.70.jar:/Users/shardin10/.m2/repository/org/bouncycastle/bcutil-jdk15on/1.70/bcutil-jdk15on-1.70.jar:/Users/shardin10/.m2/repository/com/typesafe/akka/akka-actor_2.13/2.6.18/akka-actor_2.13-2.6.18.jar:/Users/shardin10/.m2/repository/com/typesafe/config/1.4.0/config-1.4.0.jar:/Users/shardin10/.m2/repository/org/scala-lang/modules/scala-java8-compat_2.13/1.0.0/scala-java8-compat_2.13-1.0.0.jar:/Users/shardin10/.m2/repository/org/scala-lang/scala-library/2.13.9/scala-library-2.13.9.jar:/Users/shardin10/.m2/repository/com/microsoft/sqlserver/mssql-jdbc/8.4.1.jre11/mssql-jdbc-8.4.1.jre11.jar:"/>
    <property name="sun.cpu.endian" value="little"/>
    <property name="user.home" value="/Users/shardin10"/>
    <property name="user.language" value="en"/>
    <property name="java.specification.vendor" value="Oracle Corporation"/>
    <property name="java.version.date" value="2023-04-18"/>
    <property name="java.home" value="/Library/Java/JavaVirtualMachines/jdk-11.jdk/Contents/Home"/>
    <property name="file.separator" value="/"/>
    <property name="basedir" value="/Users/shardin10/GITHUBKARATE/KarateUdemy"/>
    <property name="java.vm.compressedOopsMode" value="Zero based"/>
    <property name="line.separator" value="&#10;"/>
    <property name="java.specification.name" value="Java Platform API Specification"/>
    <property name="java.vm.specification.vendor" value="Oracle Corporation"/>
    <property name="java.awt.graphicsenv" value="sun.awt.CGraphicsEnvironment"/>
    <property name="karate.options" value="--tags ~@ignore"/>
    <property name="surefire.real.class.path" value="/Users/shardin10/GITHUBKARATE/KarateUdemy/target/surefire/surefirebooter11819116153244719526.jar"/>
    <property name="sun.management.compiler" value="HotSpot 64-Bit Tiered Compilers"/>
    <property name="java.runtime.version" value="11.0.19+9-LTS-224"/>
    <property name="user.name" value="shardin10"/>
    <property name="path.separator" value=":"/>
    <property name="os.version" value="13.5"/>
    <property name="java.runtime.name" value="Java(TM) SE Runtime Environment"/>
    <property name="file.encoding" value="UTF-8"/>
    <property name="java.vm.name" value="Java HotSpot(TM) 64-Bit Server VM"/>
    <property name="java.vendor.version" value="18.9"/>
    <property name="localRepository" value="/Users/shardin10/.m2/repository"/>
    <property name="java.vendor.url.bug" value="https://bugreport.java.com/bugreport/"/>
    <property name="java.io.tmpdir" value="/var/folders/0t/z525024506jf44w4jfxcy5nh3bwm8m/T/"/>
    <property name="java.version" value="11.0.19"/>
    <property name="user.dir" value="/Users/shardin10/GITHUBKARATE/KarateUdemy"/>
    <property name="os.arch" value="x86_64"/>
    <property name="java.vm.specification.name" value="Java Virtual Machine Specification"/>
    <property name="java.awt.printerjob" value="sun.lwawt.macosx.CPrinterJob"/>
    <property name="sun.os.patch.level" value="unknown"/>
    <property name="java.library.path" value="/Users/shardin10/Library/Java/Extensions:/Library/Java/Extensions:/Network/Library/Java/Extensions:/System/Library/Java/Extensions:/usr/lib/java:."/>
    <property name="java.vendor" value="Oracle Corporation"/>
    <property name="java.vm.info" value="mixed mode"/>
    <property name="java.vm.version" value="11.0.19+9-LTS-224"/>
    <property name="sun.io.unicode.encoding" value="UnicodeBig"/>
    <property name="java.class.version" value="55.0"/>
  </properties>
  <testcase name="testParallel" classname="conduitApp.ConduitTest" time="19.856">
    <failure message="match failed: EQUALS&#10;  $ | not equal (STRING:STRING)&#10;  &apos;165&apos;&#10;  &apos;150&apos;&#10;&#10;classpath:conduitApp/feature/WorkWithDB.feature:48 ==&gt; expected: &lt;true&gt; but was: &lt;false&gt;" type="org.opentest4j.AssertionFailedError"><![CDATA[org.opentest4j.AssertionFailedError: 
match failed: EQUALS
  $ | not equal (STRING:STRING)
  '165'
  '150'

classpath:conduitApp/feature/WorkWithDB.feature:48 ==> expected: <true> but was: <false>
	at conduitApp.ConduitTest.testParallel(ConduitTest.java:27)
]]></failure>
    <system-out><![CDATA[13:57:11.020 [main] INFO  com.intuit.karate.Runner - using system property 'karate.options': --tags ~@ignore
13:57:12.581 [main] INFO  com.intuit.karate - karate.env system property was: null 
13:57:12.778 [main] INFO  com.intuit.karate - >> lock acquired, begin callonce: read('classpath:helpers/CreateToken.feature') {"email": "SpencerH1417@gmail.com","password": "Corncake21"}
13:57:13.566 [main] INFO  com.intuit.karate - << lock released, cached callonce: read('classpath:helpers/CreateToken.feature') {"email": "SpencerH1417@gmail.com","password": "Corncake21"}
13:57:13.817 [main] INFO  com.intuit.karate - karate.env system property was: null 
---------------------------------------------------------
feature: classpath:conduitApp/feature/Articles.feature
scenarios:  2 | passed:  2 | failed:  0 | time: 3.1036
---------------------------------------------------------

13:57:16.515 [main] INFO  com.intuit.karate.Suite - <<pass>> feature 1 of 7 (0 remaining) classpath:conduitApp/feature/Articles.feature
13:57:16.524 [main] INFO  com.intuit.karate - karate.env system property was: null 
13:57:16.532 [main] INFO  com.intuit.karate - karate.env system property was: null 
---------------------------------------------------------
feature: classpath:conduitApp/feature/Favorites.feature
scenarios:  2 | passed:  2 | failed:  0 | time: 0.0028
---------------------------------------------------------

13:57:16.600 [main] INFO  com.intuit.karate.Suite - <<pass>> feature 2 of 7 (0 remaining) classpath:conduitApp/feature/Favorites.feature
13:57:16.604 [main] INFO  com.intuit.karate - karate.env system property was: null 
13:57:17.092 [main] INFO  com.intuit.karate - karate.env system property was: null 
13:57:18.024 [main] INFO  com.intuit.karate - karate.env system property was: null 
13:57:19.992 [main] INFO  com.intuit.karate - karate.env system property was: null 
13:57:25.901 [main] INFO  com.intuit.karate - karate.env system property was: null 
13:57:25.911 [main] INFO  com.intuit.karate - karate.env system property was: null 
---------------------------------------------------------
feature: classpath:conduitApp/feature/HomePage.feature
scenarios:  6 | passed:  6 | failed:  0 | time: 9.2887
---------------------------------------------------------

13:57:26.027 [main] INFO  com.intuit.karate.Suite - <<pass>> feature 3 of 7 (0 remaining) classpath:conduitApp/feature/HomePage.feature
13:57:26.032 [main] INFO  com.intuit.karate - karate.env system property was: null 
13:57:26.034 [main] INFO  com.intuit.karate - [print] This is first scenario 
13:57:26.035 [main] INFO  com.intuit.karate - After Scenario Text 
13:57:26.038 [main] INFO  com.intuit.karate - karate.env system property was: null 
13:57:26.040 [main] INFO  com.intuit.karate - [print] This is second scenario 
13:57:26.040 [main] INFO  com.intuit.karate - After Scenario Text 
13:57:26.041 [main] INFO  com.intuit.karate - After Feature Text 
---------------------------------------------------------
feature: classpath:conduitApp/feature/Hooks.feature
scenarios:  2 | passed:  2 | failed:  0 | time: 0.0031
---------------------------------------------------------

13:57:26.086 [main] INFO  com.intuit.karate.Suite - <<pass>> feature 4 of 7 (0 remaining) classpath:conduitApp/feature/Hooks.feature
13:57:26.090 [main] INFO  com.intuit.karate - karate.env system property was: null 
13:57:26.403 [main] INFO  com.intuit.karate - karate.env system property was: null 
13:57:26.614 [main] INFO  com.intuit.karate - karate.env system property was: null 
13:57:26.827 [main] INFO  com.intuit.karate - karate.env system property was: null 
13:57:27.041 [main] INFO  com.intuit.karate - karate.env system property was: null 
13:57:27.247 [main] INFO  com.intuit.karate - karate.env system property was: null 
13:57:27.612 [main] INFO  com.intuit.karate - karate.env system property was: null 
13:57:27.973 [main] INFO  com.intuit.karate - karate.env system property was: null 
---------------------------------------------------------
feature: classpath:conduitApp/feature/SignUp.feature
scenarios:  8 | passed:  8 | failed:  0 | time: 2.0155
---------------------------------------------------------

13:57:28.306 [main] INFO  com.intuit.karate.Suite - <<pass>> feature 5 of 7 (0 remaining) classpath:conduitApp/feature/SignUp.feature
13:57:28.309 [main] INFO  com.intuit.karate - karate.env system property was: null 
13:57:28.692 [main] INFO  com.intuit.karate - karate.env system property was: null 
13:57:28.716 [main] INFO  com.intuit.karate - karate.env system property was: null 
13:57:28.738 [main] INFO  com.intuit.karate - karate.env system property was: null 
13:57:28.759 [main] INFO  com.intuit.karate - karate.env system property was: null 
13:57:28.782 [main] INFO  com.intuit.karate - karate.env system property was: null 
13:57:28.832 [main] INFO  com.intuit.karate - karate.env system property was: null 
13:57:28.912 [main] INFO  com.intuit.karate - karate.env system property was: null 
13:57:28.934 [main] INFO  com.intuit.karate - karate.env system property was: null 
13:57:28.953 [main] INFO  com.intuit.karate - karate.env system property was: null 
13:57:28.973 [main] INFO  com.intuit.karate - karate.env system property was: null 
13:57:28.992 [main] ERROR com.intuit.karate - classpath:conduitApp/feature/WorkWithDB.feature:48
And match level.maxLvl == '150'
match failed: EQUALS
  $ | not equal (STRING:STRING)
  '165'
  '150'

classpath:conduitApp/feature/WorkWithDB.feature:48
13:57:28.996 [main] INFO  com.intuit.karate - karate.env system property was: null 
13:57:29.021 [main] INFO  com.intuit.karate - karate.env system property was: null 
13:57:29.045 [main] INFO  com.intuit.karate - karate.env system property was: null 
13:57:29.066 [main] INFO  com.intuit.karate - karate.env system property was: null 
13:57:29.087 [main] INFO  com.intuit.karate - karate.env system property was: null 
13:57:29.107 [main] INFO  com.intuit.karate - karate.env system property was: null 
---------------------------------------------------------
feature: classpath:conduitApp/feature/WorkWithDB.feature
scenarios: 17 | passed: 16 | failed:  1 | time: 0.7642
---------------------------------------------------------

13:57:29.206 [main] INFO  com.intuit.karate.Suite - <<fail>> feature 6 of 7 (0 remaining) classpath:conduitApp/feature/WorkWithDB.feature
13:57:29.208 [main] INFO  com.intuit.karate - karate.env system property was: null 
13:57:29.231 [main] INFO  com.intuit.karate - >> lock acquired, begin callonce: read('classpath:helpers/CreateToken.feature') {"email": "SpencerH1417@gmail.com","password": "Corncake21"}
13:57:29.470 [main] INFO  com.intuit.karate - << lock released, cached callonce: read('classpath:helpers/CreateToken.feature') {"email": "SpencerH1417@gmail.com","password": "Corncake21"}
---------------------------------------------------------
feature: classpath:conduitApp/performance/createArticle.feature
scenarios:  1 | passed:  1 | failed:  0 | time: 0.6184
---------------------------------------------------------

13:57:29.892 [main] INFO  com.intuit.karate.Suite - <<pass>> feature 7 of 7 (0 remaining) classpath:conduitApp/performance/createArticle.feature
Karate version: 1.3.1
======================================================
elapsed:  18.88 | threads:    1 | thread time: 15.80 
features:     7 | skipped:    0 | efficiency: 0.84
scenarios:   38 | passed:    37 | failed: 1
======================================================
>>> failed features:
match failed: EQUALS
  $ | not equal (STRING:STRING)
  '165'
  '150'

classpath:conduitApp/feature/WorkWithDB.feature:48
<<<

HTML report: (paste into browser to view) | Karate version: 1.3.1
file:///Users/shardin10/GITHUBKARATE/KarateUdemy/target/karate-reports/karate-summary.html
===================================================================

]]></system-out>
    <system-err><![CDATA[com.microsoft.sqlserver.jdbc.SQLServerException: Cannot insert the value NULL into column 'stor_id', table 'Pubs.dbo.stores'; column does not allow nulls. INSERT fails.
	at com.microsoft.sqlserver.jdbc.SQLServerException.makeFromDatabaseError(SQLServerException.java:262)
	at com.microsoft.sqlserver.jdbc.TDSTokenHandler.onEOF(tdsparser.java:283)
	at com.microsoft.sqlserver.jdbc.TDSParser.parse(tdsparser.java:129)
	at com.microsoft.sqlserver.jdbc.SQLServerStatement.getNextResult(SQLServerStatement.java:1628)
	at com.microsoft.sqlserver.jdbc.SQLServerStatement.doExecuteStatement(SQLServerStatement.java:872)
	at com.microsoft.sqlserver.jdbc.SQLServerStatement$StmtExecCmd.doExecute(SQLServerStatement.java:767)
	at com.microsoft.sqlserver.jdbc.TDSCommand.execute(IOBuffer.java:7375)
	at com.microsoft.sqlserver.jdbc.SQLServerConnection.executeCommand(SQLServerConnection.java:3206)
	at com.microsoft.sqlserver.jdbc.SQLServerStatement.executeCommand(SQLServerStatement.java:247)
	at com.microsoft.sqlserver.jdbc.SQLServerStatement.executeStatement(SQLServerStatement.java:222)
	at com.microsoft.sqlserver.jdbc.SQLServerStatement.execute(SQLServerStatement.java:743)
	at helpers.DbHandler.addNewStoreAndLocation(DbHandler.java:38)
	at com.oracle.truffle.host.HostMethodDesc$SingleMethod$MHBase.invokeHandle(HostMethodDesc.java:331)
	at com.oracle.truffle.host.GuestToHostCodeCache$1.executeImpl(GuestToHostCodeCache.java:96)
	at com.oracle.truffle.host.GuestToHostRootNode.execute(GuestToHostRootNode.java:80)
	at com.oracle.truffle.api.impl.DefaultCallTarget.callDirectOrIndirect(DefaultCallTarget.java:85)
	at com.oracle.truffle.api.impl.DefaultRuntimeAccessor$DefaultRuntimeSupport.callInlined(DefaultRuntimeAccessor.java:160)
	at com.oracle.truffle.host.GuestToHostRootNode.guestToHostCall(GuestToHostRootNode.java:102)
	at com.oracle.truffle.host.HostMethodDesc$SingleMethod$MHBase.invokeGuestToHost(HostMethodDesc.java:362)
	at com.oracle.truffle.host.HostExecuteNode.doInvoke(HostExecuteNode.java:871)
	at com.oracle.truffle.host.HostExecuteNode.doFixed(HostExecuteNode.java:137)
	at com.oracle.truffle.host.HostExecuteNodeGen.executeAndSpecialize(HostExecuteNodeGen.java:143)
	at com.oracle.truffle.host.HostExecuteNodeGen.execute(HostExecuteNodeGen.java:96)
	at com.oracle.truffle.host.HostObject.invokeMember(HostObject.java:451)
	at com.oracle.truffle.host.HostObjectGen$InteropLibraryExports$Cached.invokeMemberNode_AndSpecialize(HostObjectGen.java:2695)
	at com.oracle.truffle.host.HostObjectGen$InteropLibraryExports$Cached.invokeMember(HostObjectGen.java:2677)
	at com.oracle.truffle.api.interop.InteropLibrary$Asserts.invokeMember(InteropLibrary.java:3411)
	at com.oracle.truffle.api.interop.InteropLibraryGen$CachedDispatch.invokeMember(InteropLibraryGen.java:8134)
	at com.oracle.truffle.js.nodes.function.JSFunctionCallNode$ForeignInvokeNode.executeCall(JSFunctionCallNode.java:1496)
	at com.oracle.truffle.js.nodes.function.JSFunctionCallNode.executeAndSpecialize(JSFunctionCallNode.java:303)
	at com.oracle.truffle.js.nodes.function.JSFunctionCallNode.executeCall(JSFunctionCallNode.java:248)
	at com.oracle.truffle.js.nodes.function.JSFunctionCallNode$InvokeNode.execute(JSFunctionCallNode.java:732)
	at com.oracle.truffle.js.nodes.access.JSWriteCurrentFrameSlotNodeGen.execute_generic4(JSWriteCurrentFrameSlotNodeGen.java:162)
	at com.oracle.truffle.js.nodes.access.JSWriteCurrentFrameSlotNodeGen.execute(JSWriteCurrentFrameSlotNodeGen.java:85)
	at com.oracle.truffle.js.nodes.access.JSWriteCurrentFrameSlotNodeGen.executeVoid(JSWriteCurrentFrameSlotNodeGen.java:316)
	at com.oracle.truffle.js.nodes.binary.DualNode.execute(DualNode.java:124)
	at com.oracle.truffle.js.nodes.function.FunctionBodyNode.execute(FunctionBodyNode.java:73)
	at com.oracle.truffle.js.nodes.function.FunctionRootNode.executeInRealm(FunctionRootNode.java:143)
	at com.oracle.truffle.js.runtime.JavaScriptRealmBoundaryRootNode.execute(JavaScriptRealmBoundaryRootNode.java:92)
	at com.oracle.truffle.api.impl.DefaultCallTarget.callDirectOrIndirect(DefaultCallTarget.java:85)
	at com.oracle.truffle.api.impl.DefaultDirectCallNode.call(DefaultDirectCallNode.java:59)
	at com.oracle.truffle.js.lang.JavaScriptLanguage$ParsedProgramRoot.execute(JavaScriptLanguage.java:240)
	at com.oracle.truffle.api.impl.DefaultCallTarget.callDirectOrIndirect(DefaultCallTarget.java:85)
	at com.oracle.truffle.api.impl.DefaultCallTarget.call(DefaultCallTarget.java:102)
	at com.oracle.truffle.polyglot.PolyglotContextImpl.eval(PolyglotContextImpl.java:1296)
	at com.oracle.truffle.polyglot.PolyglotContextDispatch.eval(PolyglotContextDispatch.java:63)
	at org.graalvm.polyglot.Context.eval(Context.java:399)
	at org.graalvm.polyglot.Context.eval(Context.java:425)
	at com.intuit.karate.graal.JsEngine.evalForValue(JsEngine.java:139)
	at com.intuit.karate.graal.JsEngine.eval(JsEngine.java:135)
	at com.intuit.karate.core.ScenarioEngine.evalJs(ScenarioEngine.java:1190)
	at com.intuit.karate.ScenarioActions.eval(ScenarioActions.java:376)
	at java.base/jdk.internal.reflect.NativeMethodAccessorImpl.invoke0(Native Method)
	at java.base/jdk.internal.reflect.NativeMethodAccessorImpl.invoke(NativeMethodAccessorImpl.java:62)
	at java.base/jdk.internal.reflect.DelegatingMethodAccessorImpl.invoke(DelegatingMethodAccessorImpl.java:43)
	at java.base/java.lang.reflect.Method.invoke(Method.java:566)
	at com.intuit.karate.core.StepRuntime.execute(StepRuntime.java:296)
	at com.intuit.karate.core.ScenarioRuntime.execute(ScenarioRuntime.java:449)
	at com.intuit.karate.core.ScenarioRuntime.run(ScenarioRuntime.java:400)
	at com.intuit.karate.core.FeatureRuntime.processScenario(FeatureRuntime.java:199)
	at java.base/java.util.Iterator.forEachRemaining(Iterator.java:133)
	at com.intuit.karate.core.FeatureRuntime.run(FeatureRuntime.java:182)
	at java.base/java.util.concurrent.Executors$RunnableAdapter.call(Executors.java:515)
	at java.base/java.util.concurrent.FutureTask.run(FutureTask.java:264)
	at com.intuit.karate.core.SyncExecutorService.execute(SyncExecutorService.java:70)
	at java.base/java.util.concurrent.AbstractExecutorService.submit(AbstractExecutorService.java:118)
	at com.intuit.karate.Suite.run(Suite.java:237)
	at com.intuit.karate.Runner$Builder.parallel(Runner.java:496)
	at conduitApp.ConduitTest.testParallel(ConduitTest.java:25)
	at java.base/jdk.internal.reflect.NativeMethodAccessorImpl.invoke0(Native Method)
	at java.base/jdk.internal.reflect.NativeMethodAccessorImpl.invoke(NativeMethodAccessorImpl.java:62)
	at java.base/jdk.internal.reflect.DelegatingMethodAccessorImpl.invoke(DelegatingMethodAccessorImpl.java:43)
	at java.base/java.lang.reflect.Method.invoke(Method.java:566)
	at org.junit.platform.commons.util.ReflectionUtils.invokeMethod(ReflectionUtils.java:688)
	at org.junit.jupiter.engine.execution.MethodInvocation.proceed(MethodInvocation.java:60)
	at org.junit.jupiter.engine.execution.InvocationInterceptorChain$ValidatingInvocation.proceed(InvocationInterceptorChain.java:131)
	at org.junit.jupiter.engine.extension.TimeoutExtension.intercept(TimeoutExtension.java:149)
	at org.junit.jupiter.engine.extension.TimeoutExtension.interceptTestableMethod(TimeoutExtension.java:140)
	at org.junit.jupiter.engine.extension.TimeoutExtension.interceptTestMethod(TimeoutExtension.java:84)
	at org.junit.jupiter.engine.execution.ExecutableInvoker$ReflectiveInterceptorCall.lambda$ofVoidMethod$0(ExecutableInvoker.java:115)
	at org.junit.jupiter.engine.execution.ExecutableInvoker.lambda$invoke$0(ExecutableInvoker.java:105)
	at org.junit.jupiter.engine.execution.InvocationInterceptorChain$InterceptedInvocation.proceed(InvocationInterceptorChain.java:106)
	at org.junit.jupiter.engine.execution.InvocationInterceptorChain.proceed(InvocationInterceptorChain.java:64)
	at org.junit.jupiter.engine.execution.InvocationInterceptorChain.chainAndInvoke(InvocationInterceptorChain.java:45)
	at org.junit.jupiter.engine.execution.InvocationInterceptorChain.invoke(InvocationInterceptorChain.java:37)
	at org.junit.jupiter.engine.execution.ExecutableInvoker.invoke(ExecutableInvoker.java:104)
	at org.junit.jupiter.engine.execution.ExecutableInvoker.invoke(ExecutableInvoker.java:98)
	at org.junit.jupiter.engine.descriptor.TestMethodTestDescriptor.lambda$invokeTestMethod$6(TestMethodTestDescriptor.java:210)
	at org.junit.platform.engine.support.hierarchical.ThrowableCollector.execute(ThrowableCollector.java:73)
	at org.junit.jupiter.engine.descriptor.TestMethodTestDescriptor.invokeTestMethod(TestMethodTestDescriptor.java:206)
	at org.junit.jupiter.engine.descriptor.TestMethodTestDescriptor.execute(TestMethodTestDescriptor.java:131)
	at org.junit.jupiter.engine.descriptor.TestMethodTestDescriptor.execute(TestMethodTestDescriptor.java:65)
	at org.junit.platform.engine.support.hierarchical.NodeTestTask.lambda$executeRecursively$5(NodeTestTask.java:139)
	at org.junit.platform.engine.support.hierarchical.ThrowableCollector.execute(ThrowableCollector.java:73)
	at org.junit.platform.engine.support.hierarchical.NodeTestTask.lambda$executeRecursively$7(NodeTestTask.java:129)
	at org.junit.platform.engine.support.hierarchical.Node.around(Node.java:137)
	at org.junit.platform.engine.support.hierarchical.NodeTestTask.lambda$executeRecursively$8(NodeTestTask.java:127)
	at org.junit.platform.engine.support.hierarchical.ThrowableCollector.execute(ThrowableCollector.java:73)
	at org.junit.platform.engine.support.hierarchical.NodeTestTask.executeRecursively(NodeTestTask.java:126)
	at org.junit.platform.engine.support.hierarchical.NodeTestTask.execute(NodeTestTask.java:84)
	at java.base/java.util.ArrayList.forEach(ArrayList.java:1541)
	at org.junit.platform.engine.support.hierarchical.SameThreadHierarchicalTestExecutorService.invokeAll(SameThreadHierarchicalTestExecutorService.java:38)
	at org.junit.platform.engine.support.hierarchical.NodeTestTask.lambda$executeRecursively$5(NodeTestTask.java:143)
	at org.junit.platform.engine.support.hierarchical.ThrowableCollector.execute(ThrowableCollector.java:73)
	at org.junit.platform.engine.support.hierarchical.NodeTestTask.lambda$executeRecursively$7(NodeTestTask.java:129)
	at org.junit.platform.engine.support.hierarchical.Node.around(Node.java:137)
	at org.junit.platform.engine.support.hierarchical.NodeTestTask.lambda$executeRecursively$8(NodeTestTask.java:127)
	at org.junit.platform.engine.support.hierarchical.ThrowableCollector.execute(ThrowableCollector.java:73)
	at org.junit.platform.engine.support.hierarchical.NodeTestTask.executeRecursively(NodeTestTask.java:126)
	at org.junit.platform.engine.support.hierarchical.NodeTestTask.execute(NodeTestTask.java:84)
	at java.base/java.util.ArrayList.forEach(ArrayList.java:1541)
	at org.junit.platform.engine.support.hierarchical.SameThreadHierarchicalTestExecutorService.invokeAll(SameThreadHierarchicalTestExecutorService.java:38)
	at org.junit.platform.engine.support.hierarchical.NodeTestTask.lambda$executeRecursively$5(NodeTestTask.java:143)
	at org.junit.platform.engine.support.hierarchical.ThrowableCollector.execute(ThrowableCollector.java:73)
	at org.junit.platform.engine.support.hierarchical.NodeTestTask.lambda$executeRecursively$7(NodeTestTask.java:129)
	at org.junit.platform.engine.support.hierarchical.Node.around(Node.java:137)
	at org.junit.platform.engine.support.hierarchical.NodeTestTask.lambda$executeRecursively$8(NodeTestTask.java:127)
	at org.junit.platform.engine.support.hierarchical.ThrowableCollector.execute(ThrowableCollector.java:73)
	at org.junit.platform.engine.support.hierarchical.NodeTestTask.executeRecursively(NodeTestTask.java:126)
	at org.junit.platform.engine.support.hierarchical.NodeTestTask.execute(NodeTestTask.java:84)
	at org.junit.platform.engine.support.hierarchical.SameThreadHierarchicalTestExecutorService.submit(SameThreadHierarchicalTestExecutorService.java:32)
	at org.junit.platform.engine.support.hierarchical.HierarchicalTestExecutor.execute(HierarchicalTestExecutor.java:57)
	at org.junit.platform.engine.support.hierarchical.HierarchicalTestEngine.execute(HierarchicalTestEngine.java:51)
	at org.junit.platform.launcher.core.DefaultLauncher.execute(DefaultLauncher.java:220)
	at org.junit.platform.launcher.core.DefaultLauncher.lambda$execute$6(DefaultLauncher.java:188)
	at org.junit.platform.launcher.core.DefaultLauncher.withInterceptedStreams(DefaultLauncher.java:202)
	at org.junit.platform.launcher.core.DefaultLauncher.execute(DefaultLauncher.java:181)
	at org.junit.platform.launcher.core.DefaultLauncher.execute(DefaultLauncher.java:128)
	at org.apache.maven.surefire.junitplatform.JUnitPlatformProvider.invokeAllTests(JUnitPlatformProvider.java:150)
	at org.apache.maven.surefire.junitplatform.JUnitPlatformProvider.invoke(JUnitPlatformProvider.java:124)
	at org.apache.maven.surefire.booter.ForkedBooter.invokeProviderInSameClassLoader(ForkedBooter.java:384)
	at org.apache.maven.surefire.booter.ForkedBooter.runSuitesInProcess(ForkedBooter.java:345)
	at org.apache.maven.surefire.booter.ForkedBooter.execute(ForkedBooter.java:126)
	at org.apache.maven.surefire.booter.ForkedBooter.main(ForkedBooter.java:418)
Sep 29, 2023 1:57:30 PM net.masterthought.cucumber.ReportParser parseJsonFiles
INFO: File '/Users/shardin10/GITHUBKARATE/KarateUdemy/target/karate-reports/conduitApp.feature.Articles.json' contains 1 features
Sep 29, 2023 1:57:30 PM net.masterthought.cucumber.ReportParser parseJsonFiles
INFO: File '/Users/shardin10/GITHUBKARATE/KarateUdemy/target/karate-reports/conduitApp.feature.HomePage.json' contains 1 features
Sep 29, 2023 1:57:30 PM net.masterthought.cucumber.ReportParser parseJsonFiles
INFO: File '/Users/shardin10/GITHUBKARATE/KarateUdemy/target/karate-reports/conduitApp.feature.Favorites.json' contains 1 features
Sep 29, 2023 1:57:30 PM net.masterthought.cucumber.ReportParser parseJsonFiles
INFO: File '/Users/shardin10/GITHUBKARATE/KarateUdemy/target/karate-reports/conduitApp.performance.createArticle.json' contains 1 features
Sep 29, 2023 1:57:30 PM net.masterthought.cucumber.ReportParser parseJsonFiles
INFO: File '/Users/shardin10/GITHUBKARATE/KarateUdemy/target/karate-reports/conduitApp.feature.Hooks.json' contains 1 features
Sep 29, 2023 1:57:30 PM net.masterthought.cucumber.ReportParser parseJsonFiles
INFO: File '/Users/shardin10/GITHUBKARATE/KarateUdemy/target/karate-reports/conduitApp.feature.SignUp.json' contains 1 features
Sep 29, 2023 1:57:30 PM net.masterthought.cucumber.ReportParser parseJsonFiles
INFO: File '/Users/shardin10/GITHUBKARATE/KarateUdemy/target/karate-reports/conduitApp.feature.WorkWithDB.json' contains 1 features
]]></system-err>
  </testcase>
</testsuite>